This file contains any messages produced by compilers while
running configure, to aid debugging if configure makes a mistake.

It was created by openocd configure 0.10.0+dev, which was
generated by GNU Autoconf 2.69.  Invocation command line was

  $ ./configure 

## --------- ##
## Platform. ##
## --------- ##

hostname = ubuntu
uname -m = x86_64
uname -r = 4.15.0-47-generic
uname -s = Linux
uname -v = #50-Ubuntu SMP Wed Mar 13 10:44:52 UTC 2019

/usr/bin/uname -p = unknown
/bin/uname -X     = unknown

/bin/arch              = unknown
/usr/bin/arch -k       = unknown
/usr/convex/getsysinfo = unknown
/usr/bin/hostinfo      = unknown
/bin/machine           = unknown
/usr/bin/oslevel       = unknown
/bin/universe          = unknown

PATH: /usr/local/sbin
PATH: /usr/local/bin
PATH: /usr/sbin
PATH: /usr/bin
PATH: /sbin
PATH: /bin
PATH: /usr/games
PATH: /usr/local/games
PATH: /snap/bin


## ----------- ##
## Core tests. ##
## ----------- ##

configure:2605: checking for makeinfo
configure:2621: found /usr/bin/makeinfo
configure:2632: result: makeinfo
configure:2694: checking for a BSD-compatible install
configure:2762: result: /usr/bin/install -c
configure:2773: checking whether build environment is sane
configure:2828: result: yes
configure:2979: checking for a thread-safe mkdir -p
configure:3018: result: /bin/mkdir -p
configure:3025: checking for gawk
configure:3041: found /usr/bin/gawk
configure:3052: result: gawk
configure:3063: checking whether make sets $(MAKE)
configure:3085: result: yes
configure:3114: checking whether make supports nested variables
configure:3131: result: yes
configure:3316: checking for gcc
configure:3332: found /usr/bin/gcc
configure:3343: result: gcc
configure:3572: checking for C compiler version
configure:3581: gcc --version >&5
gcc (Ubuntu 7.3.0-27ubuntu1~18.04) 7.3.0
Copyright (C) 2017 Free Software Foundation, Inc.
This is free software; see the source for copying conditions.  There is NO
warranty; not even for MERCHANTABILITY or FITNESS FOR A PARTICULAR PURPOSE.

configure:3592: $? = 0
configure:3581: gcc -v >&5
Using built-in specs.
COLLECT_GCC=gcc
COLLECT_LTO_WRAPPER=/usr/lib/gcc/x86_64-linux-gnu/7/lto-wrapper
OFFLOAD_TARGET_NAMES=nvptx-none
OFFLOAD_TARGET_DEFAULT=1
Target: x86_64-linux-gnu
Configured with: ../src/configure -v --with-pkgversion='Ubuntu 7.3.0-27ubuntu1~18.04' --with-bugurl=file:///usr/share/doc/gcc-7/README.Bugs --enable-languages=c,ada,c++,go,brig,d,fortran,objc,obj-c++ --prefix=/usr --with-gcc-major-version-only --program-suffix=-7 --program-prefix=x86_64-linux-gnu- --enable-shared --enable-linker-build-id --libexecdir=/usr/lib --without-included-gettext --enable-threads=posix --libdir=/usr/lib --enable-nls --with-sysroot=/ --enable-clocale=gnu --enable-libstdcxx-debug --enable-libstdcxx-time=yes --with-default-libstdcxx-abi=new --enable-gnu-unique-object --disable-vtable-verify --enable-libmpx --enable-plugin --enable-default-pie --with-system-zlib --with-target-system-zlib --enable-objc-gc=auto --enable-multiarch --disable-werror --with-arch-32=i686 --with-abi=m64 --with-multilib-list=m32,m64,mx32 --enable-multilib --with-tune=generic --enable-offload-targets=nvptx-none --without-cuda-driver --enable-checking=release --build=x86_64-linux-gnu --host=x86_64-linux-gnu --target=x86_64-linux-gnu
Thread model: posix
gcc version 7.3.0 (Ubuntu 7.3.0-27ubuntu1~18.04) 
configure:3592: $? = 0
configure:3581: gcc -V >&5
gcc: error: unrecognized command line option '-V'
gcc: fatal error: no input files
compilation terminated.
configure:3592: $? = 1
configure:3581: gcc -qversion >&5
gcc: error: unrecognized command line option '-qversion'; did you mean '--version'?
gcc: fatal error: no input files
compilation terminated.
configure:3592: $? = 1
configure:3612: checking whether the C compiler works
configure:3634: gcc    conftest.c  >&5
configure:3638: $? = 0
configure:3686: result: yes
configure:3689: checking for C compiler default output file name
configure:3691: result: a.out
configure:3697: checking for suffix of executables
configure:3704: gcc -o conftest    conftest.c  >&5
configure:3708: $? = 0
configure:3730: result: 
configure:3752: checking whether we are cross compiling
configure:3760: gcc -o conftest    conftest.c  >&5
configure:3764: $? = 0
configure:3771: ./conftest
configure:3775: $? = 0
configure:3790: result: no
configure:3795: checking for suffix of object files
configure:3817: gcc -c   conftest.c >&5
configure:3821: $? = 0
configure:3842: result: o
configure:3846: checking whether we are using the GNU C compiler
configure:3865: gcc -c   conftest.c >&5
configure:3865: $? = 0
configure:3874: result: yes
configure:3883: checking whether gcc accepts -g
configure:3903: gcc -c -g  conftest.c >&5
configure:3903: $? = 0
configure:3944: result: yes
configure:3961: checking for gcc option to accept ISO C89
configure:4024: gcc  -c -g -O2  conftest.c >&5
configure:4024: $? = 0
configure:4037: result: none needed
configure:4062: checking whether gcc understands -c and -o together
configure:4084: gcc -c conftest.c -o conftest2.o
configure:4087: $? = 0
configure:4084: gcc -c conftest.c -o conftest2.o
configure:4087: $? = 0
configure:4099: result: yes
configure:4127: checking for style of include used by make
configure:4155: result: GNU
configure:4181: checking dependency style of gcc
configure:4292: result: gcc3
configure:4307: checking for gcc option to accept ISO C99
configure:4456: gcc  -c -g -O2  conftest.c >&5
configure:4456: $? = 0
configure:4469: result: none needed
configure:4528: checking for ranlib
configure:4544: found /usr/bin/ranlib
configure:4555: result: ranlib
configure:4631: checking for pkg-config
configure:4649: found /usr/bin/pkg-config
configure:4661: result: /usr/bin/pkg-config
configure:4686: checking pkg-config is at least version 0.23
configure:4689: result: yes
configure:4761: checking build system type
configure:4775: result: x86_64-pc-linux-gnu
configure:4795: checking host system type
configure:4808: result: x86_64-pc-linux-gnu
configure:4849: checking how to print strings
configure:4876: result: printf
configure:4897: checking for a sed that does not truncate output
configure:4961: result: /bin/sed
configure:4979: checking for grep that handles long lines and -e
configure:5037: result: /bin/grep
configure:5042: checking for egrep
configure:5104: result: /bin/grep -E
configure:5109: checking for fgrep
configure:5171: result: /bin/grep -F
configure:5206: checking for ld used by gcc
configure:5273: result: /usr/bin/ld
configure:5280: checking if the linker (/usr/bin/ld) is GNU ld
configure:5295: result: yes
configure:5307: checking for BSD- or MS-compatible name lister (nm)
configure:5361: result: /usr/bin/nm -B
configure:5491: checking the name lister (/usr/bin/nm -B) interface
configure:5498: gcc -c -g -O2  conftest.c >&5
configure:5501: /usr/bin/nm -B "conftest.o"
configure:5504: output
0000000000000000 B some_variable
configure:5511: result: BSD nm
configure:5514: checking whether ln -s works
configure:5518: result: yes
configure:5526: checking the maximum length of command line arguments
configure:5657: result: 1572864
configure:5705: checking how to convert x86_64-pc-linux-gnu file names to x86_64-pc-linux-gnu format
configure:5745: result: func_convert_file_noop
configure:5752: checking how to convert x86_64-pc-linux-gnu file names to toolchain format
configure:5772: result: func_convert_file_noop
configure:5779: checking for /usr/bin/ld option to reload object files
configure:5786: result: -r
configure:5860: checking for objdump
configure:5876: found /usr/bin/objdump
configure:5887: result: objdump
configure:5919: checking how to recognize dependent libraries
configure:6119: result: pass_all
configure:6204: checking for dlltool
configure:6234: result: no
configure:6264: checking how to associate runtime and link libraries
configure:6291: result: printf %s\n
configure:6352: checking for ar
configure:6368: found /usr/bin/ar
configure:6379: result: ar
configure:6416: checking for archiver @FILE support
configure:6433: gcc -c -g -O2  conftest.c >&5
configure:6433: $? = 0
configure:6436: ar cru libconftest.a @conftest.lst >&5
ar: `u' modifier ignored since `D' is the default (see `U')
configure:6439: $? = 0
configure:6444: ar cru libconftest.a @conftest.lst >&5
ar: `u' modifier ignored since `D' is the default (see `U')
ar: conftest.o: No such file or directory
configure:6447: $? = 1
configure:6459: result: @
configure:6517: checking for strip
configure:6533: found /usr/bin/strip
configure:6544: result: strip
configure:6616: checking for ranlib
configure:6643: result: ranlib
configure:6745: checking command to parse /usr/bin/nm -B output from gcc object
configure:6898: gcc -c -g -O2  conftest.c >&5
configure:6901: $? = 0
configure:6905: /usr/bin/nm -B conftest.o \| sed -n -e 's/^.*[ ]\([ABCDGIRSTW][ABCDGIRSTW]*\)[ ][ ]*\([_A-Za-z][_A-Za-z0-9]*\)$/\1 \2 \2/p' | sed '/ __gnu_lto/d' \> conftest.nm
configure:6908: $? = 0
configure:6974: gcc -o conftest -g -O2   conftest.c conftstm.o >&5
configure:6977: $? = 0
configure:7015: result: ok
configure:7062: checking for sysroot
configure:7092: result: no
configure:7099: checking for a working dd
configure:7137: result: /bin/dd
configure:7141: checking how to truncate binary pipes
configure:7156: result: /bin/dd bs=4096 count=1
configure:7292: gcc -c -g -O2  conftest.c >&5
configure:7295: $? = 0
configure:7485: checking for mt
configure:7501: found /bin/mt
configure:7512: result: mt
configure:7535: checking if mt is a manifest tool
configure:7541: mt '-?'
configure:7549: result: no
configure:8226: checking how to run the C preprocessor
configure:8257: gcc -E  conftest.c
configure:8257: $? = 0
configure:8271: gcc -E  conftest.c
conftest.c:11:10: fatal error: ac_nonexistent.h: No such file or directory
 #include <ac_nonexistent.h>
          ^~~~~~~~~~~~~~~~~~
compilation terminated.
configure:8271: $? = 1
configure: failed program was:
| /* confdefs.h */
| #define PACKAGE_NAME "openocd"
| #define PACKAGE_TARNAME "openocd"
| #define PACKAGE_VERSION "0.10.0+dev"
| #define PACKAGE_STRING "openocd 0.10.0+dev"
| #define PACKAGE_BUGREPORT "OpenOCD Mailing List <openocd-devel@lists.sourceforge.net>"
| #define PACKAGE_URL ""
| #define PACKAGE "openocd"
| #define VERSION "0.10.0+dev"
| /* end confdefs.h.  */
| #include <ac_nonexistent.h>
configure:8296: result: gcc -E
configure:8316: gcc -E  conftest.c
configure:8316: $? = 0
configure:8330: gcc -E  conftest.c
conftest.c:11:10: fatal error: ac_nonexistent.h: No such file or directory
 #include <ac_nonexistent.h>
          ^~~~~~~~~~~~~~~~~~
compilation terminated.
configure:8330: $? = 1
configure: failed program was:
| /* confdefs.h */
| #define PACKAGE_NAME "openocd"
| #define PACKAGE_TARNAME "openocd"
| #define PACKAGE_VERSION "0.10.0+dev"
| #define PACKAGE_STRING "openocd 0.10.0+dev"
| #define PACKAGE_BUGREPORT "OpenOCD Mailing List <openocd-devel@lists.sourceforge.net>"
| #define PACKAGE_URL ""
| #define PACKAGE "openocd"
| #define VERSION "0.10.0+dev"
| /* end confdefs.h.  */
| #include <ac_nonexistent.h>
configure:8359: checking for ANSI C header files
configure:8379: gcc -c -g -O2  conftest.c >&5
configure:8379: $? = 0
configure:8452: gcc -o conftest -g -O2   conftest.c  >&5
configure:8452: $? = 0
configure:8452: ./conftest
configure:8452: $? = 0
configure:8463: result: yes
configure:8476: checking for sys/types.h
configure:8476: gcc -c -g -O2  conftest.c >&5
configure:8476: $? = 0
configure:8476: result: yes
configure:8476: checking for sys/stat.h
configure:8476: gcc -c -g -O2  conftest.c >&5
configure:8476: $? = 0
configure:8476: result: yes
configure:8476: checking for stdlib.h
configure:8476: gcc -c -g -O2  conftest.c >&5
configure:8476: $? = 0
configure:8476: result: yes
configure:8476: checking for string.h
configure:8476: gcc -c -g -O2  conftest.c >&5
configure:8476: $? = 0
configure:8476: result: yes
configure:8476: checking for memory.h
configure:8476: gcc -c -g -O2  conftest.c >&5
configure:8476: $? = 0
configure:8476: result: yes
configure:8476: checking for strings.h
configure:8476: gcc -c -g -O2  conftest.c >&5
configure:8476: $? = 0
configure:8476: result: yes
configure:8476: checking for inttypes.h
configure:8476: gcc -c -g -O2  conftest.c >&5
configure:8476: $? = 0
configure:8476: result: yes
configure:8476: checking for stdint.h
configure:8476: gcc -c -g -O2  conftest.c >&5
configure:8476: $? = 0
configure:8476: result: yes
configure:8476: checking for unistd.h
configure:8476: gcc -c -g -O2  conftest.c >&5
configure:8476: $? = 0
configure:8476: result: yes
configure:8490: checking for dlfcn.h
configure:8490: gcc -c -g -O2  conftest.c >&5
configure:8490: $? = 0
configure:8490: result: yes
configure:8716: checking for objdir
configure:8731: result: .libs
configure:8991: checking if gcc supports -fno-rtti -fno-exceptions
configure:9009: gcc -c -g -O2  -fno-rtti -fno-exceptions conftest.c >&5
cc1: warning: command line option '-fno-rtti' is valid for C++/ObjC++ but not for C
configure:9013: $? = 0
configure:9026: result: no
configure:9384: checking for gcc option to produce PIC
configure:9391: result: -fPIC -DPIC
configure:9399: checking if gcc PIC flag -fPIC -DPIC works
configure:9417: gcc -c -g -O2  -fPIC -DPIC -DPIC conftest.c >&5
configure:9421: $? = 0
configure:9434: result: yes
configure:9463: checking if gcc static flag -static works
configure:9491: result: yes
configure:9506: checking if gcc supports -c -o file.o
configure:9527: gcc -c -g -O2  -o out/conftest2.o conftest.c >&5
configure:9531: $? = 0
configure:9553: result: yes
configure:9561: checking if gcc supports -c -o file.o
configure:9608: result: yes
configure:9641: checking whether the gcc linker (/usr/bin/ld -m elf_x86_64) supports shared libraries
configure:10904: result: yes
configure:11144: checking dynamic linker characteristics
configure:11725: gcc -o conftest -g -O2   -Wl,-rpath -Wl,/foo conftest.c  >&5
configure:11725: $? = 0
configure:11974: result: GNU/Linux ld.so
configure:12096: checking how to hardcode library paths into programs
configure:12121: result: immediate
configure:12669: checking whether stripping libraries is possible
configure:12674: result: yes
configure:12709: checking if libtool supports shared libraries
configure:12711: result: yes
configure:12714: checking whether to build shared libraries
configure:12739: result: no
configure:12742: checking whether to build static libraries
configure:12746: result: yes
configure:12785: checking for an ANSI C-conforming const
configure:12851: gcc -c -g -O2  conftest.c >&5
configure:12851: $? = 0
configure:12858: result: yes
configure:12867: checking for unsigned long long int
configure:12915: result: yes
configure:12925: checking for long long int
configure:12975: result: yes
configure:12984: checking for library containing ioperm
configure:13015: gcc -o conftest -g -O2   conftest.c  >&5
configure:13015: $? = 0
configure:13032: result: none required
configure:13040: checking for library containing dlopen
configure:13071: gcc -o conftest -g -O2   conftest.c  >&5
/tmp/ccUSfSEk.o: In function `main':
/home/tanqinhan/Desktop/riscv/riscv-openocd/conftest.c:36: undefined reference to `dlopen'
collect2: error: ld returned 1 exit status
configure:13071: $? = 1
configure: failed program was:
| /* confdefs.h */
| #define PACKAGE_NAME "openocd"
| #define PACKAGE_TARNAME "openocd"
| #define PACKAGE_VERSION "0.10.0+dev"
| #define PACKAGE_STRING "openocd 0.10.0+dev"
| #define PACKAGE_BUGREPORT "OpenOCD Mailing List <openocd-devel@lists.sourceforge.net>"
| #define PACKAGE_URL ""
| #define PACKAGE "openocd"
| #define VERSION "0.10.0+dev"
| #define STDC_HEADERS 1
| #define HAVE_SYS_TYPES_H 1
| #define HAVE_SYS_STAT_H 1
| #define HAVE_STDLIB_H 1
| #define HAVE_STRING_H 1
| #define HAVE_MEMORY_H 1
| #define HAVE_STRINGS_H 1
| #define HAVE_INTTYPES_H 1
| #define HAVE_STDINT_H 1
| #define HAVE_UNISTD_H 1
| #define HAVE_DLFCN_H 1
| #define LT_OBJDIR ".libs/"
| #define HAVE_UNSIGNED_LONG_LONG_INT 1
| #define HAVE_LONG_LONG_INT 1
| /* end confdefs.h.  */
| 
| /* Override any GCC internal prototype to avoid an error.
|    Use char because int might match the return type of a GCC
|    builtin and then its argument prototype would still apply.  */
| #ifdef __cplusplus
| extern "C"
| #endif
| char dlopen ();
| int
| main ()
| {
| return dlopen ();
|   ;
|   return 0;
| }
configure:13071: gcc -o conftest -g -O2   conftest.c -ldl   >&5
configure:13071: $? = 0
configure:13088: result: -ldl
configure:13099: checking sys/socket.h usability
configure:13099: gcc -c -g -O2  conftest.c >&5
configure:13099: $? = 0
configure:13099: result: yes
configure:13099: checking sys/socket.h presence
configure:13099: gcc -E  conftest.c
configure:13099: $? = 0
configure:13099: result: yes
configure:13099: checking for sys/socket.h
configure:13099: result: yes
configure:13111: checking elf.h usability
configure:13111: gcc -c -g -O2  conftest.c >&5
configure:13111: $? = 0
configure:13111: result: yes
configure:13111: checking elf.h presence
configure:13111: gcc -E  conftest.c
configure:13111: $? = 0
configure:13111: result: yes
configure:13111: checking for elf.h
configure:13111: result: yes
configure:13123: checking dirent.h usability
configure:13123: gcc -c -g -O2  conftest.c >&5
configure:13123: $? = 0
configure:13123: result: yes
configure:13123: checking dirent.h presence
configure:13123: gcc -E  conftest.c
configure:13123: $? = 0
configure:13123: result: yes
configure:13123: checking for dirent.h
configure:13123: result: yes
configure:13135: checking fcntl.h usability
configure:13135: gcc -c -g -O2  conftest.c >&5
configure:13135: $? = 0
configure:13135: result: yes
configure:13135: checking fcntl.h presence
configure:13135: gcc -E  conftest.c
configure:13135: $? = 0
configure:13135: result: yes
configure:13135: checking for fcntl.h
configure:13135: result: yes
configure:13147: checking malloc.h usability
configure:13147: gcc -c -g -O2  conftest.c >&5
configure:13147: $? = 0
configure:13147: result: yes
configure:13147: checking malloc.h presence
configure:13147: gcc -E  conftest.c
configure:13147: $? = 0
configure:13147: result: yes
configure:13147: checking for malloc.h
configure:13147: result: yes
configure:13159: checking netdb.h usability
configure:13159: gcc -c -g -O2  conftest.c >&5
configure:13159: $? = 0
configure:13159: result: yes
configure:13159: checking netdb.h presence
configure:13159: gcc -E  conftest.c
configure:13159: $? = 0
configure:13159: result: yes
configure:13159: checking for netdb.h
configure:13159: result: yes
configure:13171: checking poll.h usability
configure:13171: gcc -c -g -O2  conftest.c >&5
configure:13171: $? = 0
configure:13171: result: yes
configure:13171: checking poll.h presence
configure:13171: gcc -E  conftest.c
configure:13171: $? = 0
configure:13171: result: yes
configure:13171: checking for poll.h
configure:13171: result: yes
configure:13183: checking pthread.h usability
configure:13183: gcc -c -g -O2  conftest.c >&5
configure:13183: $? = 0
configure:13183: result: yes
configure:13183: checking pthread.h presence
configure:13183: gcc -E  conftest.c
configure:13183: $? = 0
configure:13183: result: yes
configure:13183: checking for pthread.h
configure:13183: result: yes
configure:13195: checking for strings.h
configure:13195: result: yes
configure:13207: checking sys/ioctl.h usability
configure:13207: gcc -c -g -O2  conftest.c >&5
configure:13207: $? = 0
configure:13207: result: yes
configure:13207: checking sys/ioctl.h presence
configure:13207: gcc -E  conftest.c
configure:13207: $? = 0
configure:13207: result: yes
configure:13207: checking for sys/ioctl.h
configure:13207: result: yes
configure:13219: checking sys/param.h usability
configure:13219: gcc -c -g -O2  conftest.c >&5
configure:13219: $? = 0
configure:13219: result: yes
configure:13219: checking sys/param.h presence
configure:13219: gcc -E  conftest.c
configure:13219: $? = 0
configure:13219: result: yes
configure:13219: checking for sys/param.h
configure:13219: result: yes
configure:13231: checking sys/select.h usability
configure:13231: gcc -c -g -O2  conftest.c >&5
configure:13231: $? = 0
configure:13231: result: yes
configure:13231: checking sys/select.h presence
configure:13231: gcc -E  conftest.c
configure:13231: $? = 0
configure:13231: result: yes
configure:13231: checking for sys/select.h
configure:13231: result: yes
configure:13243: checking for sys/stat.h
configure:13243: result: yes
configure:13255: checking sys/sysctl.h usability
configure:13255: gcc -c -g -O2  conftest.c >&5
configure:13255: $? = 0
configure:13255: result: yes
configure:13255: checking sys/sysctl.h presence
configure:13255: gcc -E  conftest.c
configure:13255: $? = 0
configure:13255: result: yes
configure:13255: checking for sys/sysctl.h
configure:13255: result: yes
configure:13267: checking sys/time.h usability
configure:13267: gcc -c -g -O2  conftest.c >&5
configure:13267: $? = 0
configure:13267: result: yes
configure:13267: checking sys/time.h presence
configure:13267: gcc -E  conftest.c
configure:13267: $? = 0
configure:13267: result: yes
configure:13267: checking for sys/time.h
configure:13267: result: yes
configure:13279: checking for sys/types.h
configure:13279: result: yes
configure:13291: checking for unistd.h
configure:13291: result: yes
configure:13304: checking for arpa/inet.h
configure:13304: gcc -c -g -O2  conftest.c >&5
configure:13304: $? = 0
configure:13304: result: yes
configure:13304: checking for ifaddrs.h
configure:13304: gcc -c -g -O2  conftest.c >&5
configure:13304: $? = 0
configure:13304: result: yes
configure:13304: checking for netinet/in.h
configure:13304: gcc -c -g -O2  conftest.c >&5
configure:13304: $? = 0
configure:13304: result: yes
configure:13304: checking for netinet/tcp.h
configure:13304: gcc -c -g -O2  conftest.c >&5
configure:13304: $? = 0
configure:13304: result: yes
configure:13304: checking for net/if.h
configure:13304: gcc -c -g -O2  conftest.c >&5
configure:13304: $? = 0
configure:13304: result: yes
configure:13329: checking whether to enable assertions
configure:13347: result: yes
configure:13350: checking for stdbool.h that conforms to C99
configure:13417: gcc -c -g -O2  conftest.c >&5
configure:13417: $? = 0
configure:13424: result: yes
configure:13426: checking for _Bool
configure:13426: gcc -c -g -O2  conftest.c >&5
configure:13426: $? = 0
configure:13426: gcc -c -g -O2  conftest.c >&5
conftest.c: In function 'main':
conftest.c:83:20: error: expected expression before ')' token
 if (sizeof ((_Bool)))
                    ^
configure:13426: $? = 1
configure: failed program was:
| /* confdefs.h */
| #define PACKAGE_NAME "openocd"
| #define PACKAGE_TARNAME "openocd"
| #define PACKAGE_VERSION "0.10.0+dev"
| #define PACKAGE_STRING "openocd 0.10.0+dev"
| #define PACKAGE_BUGREPORT "OpenOCD Mailing List <openocd-devel@lists.sourceforge.net>"
| #define PACKAGE_URL ""
| #define PACKAGE "openocd"
| #define VERSION "0.10.0+dev"
| #define STDC_HEADERS 1
| #define HAVE_SYS_TYPES_H 1
| #define HAVE_SYS_STAT_H 1
| #define HAVE_STDLIB_H 1
| #define HAVE_STRING_H 1
| #define HAVE_MEMORY_H 1
| #define HAVE_STRINGS_H 1
| #define HAVE_INTTYPES_H 1
| #define HAVE_STDINT_H 1
| #define HAVE_UNISTD_H 1
| #define HAVE_DLFCN_H 1
| #define LT_OBJDIR ".libs/"
| #define HAVE_UNSIGNED_LONG_LONG_INT 1
| #define HAVE_LONG_LONG_INT 1
| #define HAVE_SYS_SOCKET_H 1
| #define HAVE_ELF_H 1
| #define HAVE_DIRENT_H 1
| #define HAVE_FCNTL_H 1
| #define HAVE_MALLOC_H 1
| #define HAVE_NETDB_H 1
| #define HAVE_POLL_H 1
| #define HAVE_PTHREAD_H 1
| #define HAVE_STRINGS_H 1
| #define HAVE_SYS_IOCTL_H 1
| #define HAVE_SYS_PARAM_H 1
| #define HAVE_SYS_SELECT_H 1
| #define HAVE_SYS_STAT_H 1
| #define HAVE_SYS_SYSCTL_H 1
| #define HAVE_SYS_TIME_H 1
| #define HAVE_SYS_TYPES_H 1
| #define HAVE_UNISTD_H 1
| #define HAVE_ARPA_INET_H 1
| #define HAVE_IFADDRS_H 1
| #define HAVE_NETINET_IN_H 1
| #define HAVE_NETINET_TCP_H 1
| #define HAVE_NET_IF_H 1
| /* end confdefs.h.  */
| #include <stdio.h>
| #ifdef HAVE_SYS_TYPES_H
| # include <sys/types.h>
| #endif
| #ifdef HAVE_SYS_STAT_H
| # include <sys/stat.h>
| #endif
| #ifdef STDC_HEADERS
| # include <stdlib.h>
| # include <stddef.h>
| #else
| # ifdef HAVE_STDLIB_H
| #  include <stdlib.h>
| # endif
| #endif
| #ifdef HAVE_STRING_H
| # if !defined STDC_HEADERS && defined HAVE_MEMORY_H
| #  include <memory.h>
| # endif
| # include <string.h>
| #endif
| #ifdef HAVE_STRINGS_H
| # include <strings.h>
| #endif
| #ifdef HAVE_INTTYPES_H
| # include <inttypes.h>
| #endif
| #ifdef HAVE_STDINT_H
| # include <stdint.h>
| #endif
| #ifdef HAVE_UNISTD_H
| # include <unistd.h>
| #endif
| int
| main ()
| {
| if (sizeof ((_Bool)))
| 	    return 0;
|   ;
|   return 0;
| }
configure:13426: result: yes
configure:13443: checking whether time.h and sys/time.h may both be included
configure:13463: gcc -c -g -O2  conftest.c >&5
configure:13463: $? = 0
configure:13470: result: yes
configure:13479: checking whether byte ordering is bigendian
configure:13494: gcc -c -g -O2  conftest.c >&5
conftest.c:51:9: error: unknown type name 'not'
         not a universal capable compiler
         ^~~
conftest.c:51:15: error: expected '=', ',', ';', 'asm' or '__attribute__' before 'universal'
         not a universal capable compiler
               ^~~~~~~~~
conftest.c:51:15: error: unknown type name 'universal'
configure:13494: $? = 1
configure: failed program was:
| /* confdefs.h */
| #define PACKAGE_NAME "openocd"
| #define PACKAGE_TARNAME "openocd"
| #define PACKAGE_VERSION "0.10.0+dev"
| #define PACKAGE_STRING "openocd 0.10.0+dev"
| #define PACKAGE_BUGREPORT "OpenOCD Mailing List <openocd-devel@lists.sourceforge.net>"
| #define PACKAGE_URL ""
| #define PACKAGE "openocd"
| #define VERSION "0.10.0+dev"
| #define STDC_HEADERS 1
| #define HAVE_SYS_TYPES_H 1
| #define HAVE_SYS_STAT_H 1
| #define HAVE_STDLIB_H 1
| #define HAVE_STRING_H 1
| #define HAVE_MEMORY_H 1
| #define HAVE_STRINGS_H 1
| #define HAVE_INTTYPES_H 1
| #define HAVE_STDINT_H 1
| #define HAVE_UNISTD_H 1
| #define HAVE_DLFCN_H 1
| #define LT_OBJDIR ".libs/"
| #define HAVE_UNSIGNED_LONG_LONG_INT 1
| #define HAVE_LONG_LONG_INT 1
| #define HAVE_SYS_SOCKET_H 1
| #define HAVE_ELF_H 1
| #define HAVE_DIRENT_H 1
| #define HAVE_FCNTL_H 1
| #define HAVE_MALLOC_H 1
| #define HAVE_NETDB_H 1
| #define HAVE_POLL_H 1
| #define HAVE_PTHREAD_H 1
| #define HAVE_STRINGS_H 1
| #define HAVE_SYS_IOCTL_H 1
| #define HAVE_SYS_PARAM_H 1
| #define HAVE_SYS_SELECT_H 1
| #define HAVE_SYS_STAT_H 1
| #define HAVE_SYS_SYSCTL_H 1
| #define HAVE_SYS_TIME_H 1
| #define HAVE_SYS_TYPES_H 1
| #define HAVE_UNISTD_H 1
| #define HAVE_ARPA_INET_H 1
| #define HAVE_IFADDRS_H 1
| #define HAVE_NETINET_IN_H 1
| #define HAVE_NETINET_TCP_H 1
| #define HAVE_NET_IF_H 1
| #define HAVE__BOOL 1
| #define HAVE_STDBOOL_H 1
| #define TIME_WITH_SYS_TIME 1
| /* end confdefs.h.  */
| #ifndef __APPLE_CC__
| 	       not a universal capable compiler
| 	     #endif
| 	     typedef int dummy;
| 
configure:13539: gcc -c -g -O2  conftest.c >&5
configure:13539: $? = 0
configure:13557: gcc -c -g -O2  conftest.c >&5
conftest.c: In function 'main':
conftest.c:57:4: error: unknown type name 'not'; did you mean 'ino_t'?
    not big endian
    ^~~
    ino_t
conftest.c:57:12: error: expected '=', ',', ';', 'asm' or '__attribute__' before 'endian'
    not big endian
            ^~~~~~
configure:13557: $? = 1
configure: failed program was:
| /* confdefs.h */
| #define PACKAGE_NAME "openocd"
| #define PACKAGE_TARNAME "openocd"
| #define PACKAGE_VERSION "0.10.0+dev"
| #define PACKAGE_STRING "openocd 0.10.0+dev"
| #define PACKAGE_BUGREPORT "OpenOCD Mailing List <openocd-devel@lists.sourceforge.net>"
| #define PACKAGE_URL ""
| #define PACKAGE "openocd"
| #define VERSION "0.10.0+dev"
| #define STDC_HEADERS 1
| #define HAVE_SYS_TYPES_H 1
| #define HAVE_SYS_STAT_H 1
| #define HAVE_STDLIB_H 1
| #define HAVE_STRING_H 1
| #define HAVE_MEMORY_H 1
| #define HAVE_STRINGS_H 1
| #define HAVE_INTTYPES_H 1
| #define HAVE_STDINT_H 1
| #define HAVE_UNISTD_H 1
| #define HAVE_DLFCN_H 1
| #define LT_OBJDIR ".libs/"
| #define HAVE_UNSIGNED_LONG_LONG_INT 1
| #define HAVE_LONG_LONG_INT 1
| #define HAVE_SYS_SOCKET_H 1
| #define HAVE_ELF_H 1
| #define HAVE_DIRENT_H 1
| #define HAVE_FCNTL_H 1
| #define HAVE_MALLOC_H 1
| #define HAVE_NETDB_H 1
| #define HAVE_POLL_H 1
| #define HAVE_PTHREAD_H 1
| #define HAVE_STRINGS_H 1
| #define HAVE_SYS_IOCTL_H 1
| #define HAVE_SYS_PARAM_H 1
| #define HAVE_SYS_SELECT_H 1
| #define HAVE_SYS_STAT_H 1
| #define HAVE_SYS_SYSCTL_H 1
| #define HAVE_SYS_TIME_H 1
| #define HAVE_SYS_TYPES_H 1
| #define HAVE_UNISTD_H 1
| #define HAVE_ARPA_INET_H 1
| #define HAVE_IFADDRS_H 1
| #define HAVE_NETINET_IN_H 1
| #define HAVE_NETINET_TCP_H 1
| #define HAVE_NET_IF_H 1
| #define HAVE__BOOL 1
| #define HAVE_STDBOOL_H 1
| #define TIME_WITH_SYS_TIME 1
| /* end confdefs.h.  */
| #include <sys/types.h>
| 		#include <sys/param.h>
| 
| int
| main ()
| {
| #if BYTE_ORDER != BIG_ENDIAN
| 		 not big endian
| 		#endif
| 
|   ;
|   return 0;
| }
configure:13685: result: no
configure:13706: checking for strndup
configure:13706: gcc -o conftest -g -O2   conftest.c -ldl  >&5
conftest.c:73:6: warning: conflicting types for built-in function 'strndup' [-Wbuiltin-declaration-mismatch]
 char strndup ();
      ^~~~~~~
configure:13706: $? = 0
configure:13706: result: yes
configure:13717: checking for strnlen
configure:13717: gcc -o conftest -g -O2   conftest.c -ldl  >&5
configure:13717: $? = 0
configure:13717: result: yes
configure:13728: checking for gettimeofday
configure:13728: gcc -o conftest -g -O2   conftest.c -ldl  >&5
configure:13728: $? = 0
configure:13728: result: yes
configure:13739: checking for usleep
configure:13739: gcc -o conftest -g -O2   conftest.c -ldl  >&5
configure:13739: $? = 0
configure:13739: result: yes
configure:13750: checking for vasprintf
configure:13750: gcc -o conftest -g -O2   conftest.c -ldl  >&5
configure:13750: $? = 0
configure:13750: result: yes
configure:13761: checking for realpath
configure:13761: gcc -o conftest -g -O2   conftest.c -ldl  >&5
configure:13761: $? = 0
configure:13761: result: yes
configure:13772: checking whether to build a release
configure:13783: result: no
configure:13819: checking whether to build Doxygen as HTML
configure:13821: result: yes
configure:13832: checking whether to build Doxygen as PDF
configure:13834: result: no
configure:13894: checking whether to enable verbose JTAG I/O messages
configure:13896: result: no
configure:13906: checking whether to enable verbose USB I/O messages
configure:13908: result: no
configure:13918: checking whether to enable verbose USB communication messages
configure:13920: result: no
configure:13937: checking whether to enable malloc free space logging
configure:13939: result: no
configure:14295: checking whether to enable ZY1000 minidriver
configure:14310: result: no
configure:14321: checking whether to enable dummy minidriver
configure:14339: result: no
configure:14342: checking whether standard drivers can be built
configure:14354: result: yes
configure:14821: checking for LIBUSB1
configure:14828: $PKG_CONFIG --exists --print-errors "libusb-1.0"
configure:14831: $? = 0
configure:14845: $PKG_CONFIG --exists --print-errors "libusb-1.0"
configure:14848: $? = 0
configure:14894: result: yes
configure:14902: $PKG_CONFIG --exists --print-errors "libusb-1.0 >= 1.0.9"
configure:14905: $? = 0
configure:14915: libusb-1.0 header bug workaround: LIBUSB1_CFLAGS changed to "-isystem /usr/include/libusb-1.0"
configure:14918: $PKG_CONFIG --exists --print-errors "libusb-1.0 >= 1.0.16"
configure:14921: $? = 0
configure:14932: checking for LIBUSB0
configure:14939: $PKG_CONFIG --exists --print-errors "libusb"
Package libusb was not found in the pkg-config search path.
Perhaps you should add the directory containing `libusb.pc'
to the PKG_CONFIG_PATH environment variable
No package 'libusb' found
configure:14942: $? = 1
configure:14956: $PKG_CONFIG --exists --print-errors "libusb"
Package libusb was not found in the pkg-config search path.
Perhaps you should add the directory containing `libusb.pc'
to the PKG_CONFIG_PATH environment variable
No package 'libusb' found
configure:14959: $? = 1
configure:14973: result: no
No package 'libusb' found
configure:15005: checking for HIDAPI
configure:15012: $PKG_CONFIG --exists --print-errors "$hidapi_lib"
Package hidapi was not found in the pkg-config search path.
Perhaps you should add the directory containing `hidapi.pc'
to the PKG_CONFIG_PATH environment variable
No package 'hidapi' found
configure:15015: $? = 1
configure:15029: $PKG_CONFIG --exists --print-errors "$hidapi_lib"
Package hidapi was not found in the pkg-config search path.
Perhaps you should add the directory containing `hidapi.pc'
to the PKG_CONFIG_PATH environment variable
No package 'hidapi' found
configure:15032: $? = 1
configure:15046: result: no
No package 'hidapi' found
configure:15005: checking for HIDAPI
configure:15012: $PKG_CONFIG --exists --print-errors "$hidapi_lib"
Package hidapi-hidraw was not found in the pkg-config search path.
Perhaps you should add the directory containing `hidapi-hidraw.pc'
to the PKG_CONFIG_PATH environment variable
No package 'hidapi-hidraw' found
configure:15015: $? = 1
configure:15029: $PKG_CONFIG --exists --print-errors "$hidapi_lib"
Package hidapi-hidraw was not found in the pkg-config search path.
Perhaps you should add the directory containing `hidapi-hidraw.pc'
to the PKG_CONFIG_PATH environment variable
No package 'hidapi-hidraw' found
configure:15032: $? = 1
configure:15046: result: no
No package 'hidapi-hidraw' found
configure:15005: checking for HIDAPI
configure:15012: $PKG_CONFIG --exists --print-errors "$hidapi_lib"
Package hidapi-libusb was not found in the pkg-config search path.
Perhaps you should add the directory containing `hidapi-libusb.pc'
to the PKG_CONFIG_PATH environment variable
No package 'hidapi-libusb' found
configure:15015: $? = 1
configure:15029: $PKG_CONFIG --exists --print-errors "$hidapi_lib"
Package hidapi-libusb was not found in the pkg-config search path.
Perhaps you should add the directory containing `hidapi-libusb.pc'
to the PKG_CONFIG_PATH environment variable
No package 'hidapi-libusb' found
configure:15032: $? = 1
configure:15046: result: no
No package 'hidapi-libusb' found
configure:15085: checking for LIBFTDI
configure:15092: $PKG_CONFIG --exists --print-errors "libftdi1"
configure:15095: $? = 0
configure:15109: $PKG_CONFIG --exists --print-errors "libftdi1"
configure:15112: $? = 0
configure:15294: result: yes
configure:15301: checking for LIBJAYLINK
configure:15308: $PKG_CONFIG --exists --print-errors "libjaylink >= 0.2"
Package libjaylink was not found in the pkg-config search path.
Perhaps you should add the directory containing `libjaylink.pc'
to the PKG_CONFIG_PATH environment variable
No package 'libjaylink' found
configure:15311: $? = 1
configure:15325: $PKG_CONFIG --exists --print-errors "libjaylink >= 0.2"
Package libjaylink was not found in the pkg-config search path.
Perhaps you should add the directory containing `libjaylink.pc'
to the PKG_CONFIG_PATH environment variable
No package 'libjaylink' found
configure:15328: $? = 1
configure:15342: result: no
No package 'libjaylink' found
configure:16583: checking for environ in unistd.h and stdlib.h
configure:16601: gcc -c -g -O2  conftest.c >&5
configure:16601: $? = 0
configure:16603: result: yes
configure:16797: checking that generated files are newer than configure
configure:16803: result: done
configure:17055: creating ./config.status

## ---------------------- ##
## Running config.status. ##
## ---------------------- ##

This file was extended by openocd config.status 0.10.0+dev, which was
generated by GNU Autoconf 2.69.  Invocation command line was

  CONFIG_FILES    = 
  CONFIG_HEADERS  = 
  CONFIG_LINKS    = 
  CONFIG_COMMANDS = 
  $ ./config.status 

on ubuntu

config.status:1293: creating Makefile
config.status:1293: creating config.h
config.status:1522: executing depfiles commands
config.status:1522: executing libtool commands
configure:19263: === configuring in jimtcl (/home/tanqinhan/Desktop/riscv/riscv-openocd/jimtcl)
configure:19326: running /bin/bash ./configure.gnu --disable-option-checking '--prefix=/usr/local'  --cache-file=/dev/null --srcdir=.
configure:19263: === configuring in src/jtag/drivers/libjaylink (/home/tanqinhan/Desktop/riscv/riscv-openocd/src/jtag/drivers/libjaylink)
configure:19326: running /bin/bash ./configure.gnu --disable-option-checking '--prefix=/usr/local'  --cache-file=/dev/null --srcdir=.

## ---------------- ##
## Cache variables. ##
## ---------------- ##

ac_cv_build=x86_64-pc-linux-gnu
ac_cv_c_bigendian=no
ac_cv_c_compiler_gnu=yes
ac_cv_c_const=yes
ac_cv_env_CC_set=
ac_cv_env_CC_value=
ac_cv_env_CFLAGS_set=
ac_cv_env_CFLAGS_value=
ac_cv_env_CPPFLAGS_set=
ac_cv_env_CPPFLAGS_value=
ac_cv_env_CPP_set=
ac_cv_env_CPP_value=
ac_cv_env_HIDAPI_CFLAGS_set=
ac_cv_env_HIDAPI_CFLAGS_value=
ac_cv_env_HIDAPI_LIBS_set=
ac_cv_env_HIDAPI_LIBS_value=
ac_cv_env_LDFLAGS_set=
ac_cv_env_LDFLAGS_value=
ac_cv_env_LIBFTDI_CFLAGS_set=
ac_cv_env_LIBFTDI_CFLAGS_value=
ac_cv_env_LIBFTDI_LIBS_set=
ac_cv_env_LIBFTDI_LIBS_value=
ac_cv_env_LIBJAYLINK_CFLAGS_set=
ac_cv_env_LIBJAYLINK_CFLAGS_value=
ac_cv_env_LIBJAYLINK_LIBS_set=
ac_cv_env_LIBJAYLINK_LIBS_value=
ac_cv_env_LIBS_set=
ac_cv_env_LIBS_value=
ac_cv_env_LIBUSB0_CFLAGS_set=
ac_cv_env_LIBUSB0_CFLAGS_value=
ac_cv_env_LIBUSB0_LIBS_set=
ac_cv_env_LIBUSB0_LIBS_value=
ac_cv_env_LIBUSB1_CFLAGS_set=
ac_cv_env_LIBUSB1_CFLAGS_value=
ac_cv_env_LIBUSB1_LIBS_set=
ac_cv_env_LIBUSB1_LIBS_value=
ac_cv_env_LT_SYS_LIBRARY_PATH_set=
ac_cv_env_LT_SYS_LIBRARY_PATH_value=
ac_cv_env_PKG_CONFIG_LIBDIR_set=
ac_cv_env_PKG_CONFIG_LIBDIR_value=
ac_cv_env_PKG_CONFIG_PATH_set=
ac_cv_env_PKG_CONFIG_PATH_value=
ac_cv_env_PKG_CONFIG_set=
ac_cv_env_PKG_CONFIG_value=
ac_cv_env_build_alias_set=
ac_cv_env_build_alias_value=
ac_cv_env_host_alias_set=
ac_cv_env_host_alias_value=
ac_cv_env_target_alias_set=
ac_cv_env_target_alias_value=
ac_cv_func_gettimeofday=yes
ac_cv_func_realpath=yes
ac_cv_func_strndup=yes
ac_cv_func_strnlen=yes
ac_cv_func_usleep=yes
ac_cv_func_vasprintf=yes
ac_cv_header_arpa_inet_h=yes
ac_cv_header_dirent_h=yes
ac_cv_header_dlfcn_h=yes
ac_cv_header_elf_h=yes
ac_cv_header_fcntl_h=yes
ac_cv_header_ifaddrs_h=yes
ac_cv_header_inttypes_h=yes
ac_cv_header_malloc_h=yes
ac_cv_header_memory_h=yes
ac_cv_header_net_if_h=yes
ac_cv_header_netdb_h=yes
ac_cv_header_netinet_in_h=yes
ac_cv_header_netinet_tcp_h=yes
ac_cv_header_poll_h=yes
ac_cv_header_pthread_h=yes
ac_cv_header_stdbool_h=yes
ac_cv_header_stdc=yes
ac_cv_header_stdint_h=yes
ac_cv_header_stdlib_h=yes
ac_cv_header_string_h=yes
ac_cv_header_strings_h=yes
ac_cv_header_sys_ioctl_h=yes
ac_cv_header_sys_param_h=yes
ac_cv_header_sys_select_h=yes
ac_cv_header_sys_socket_h=yes
ac_cv_header_sys_stat_h=yes
ac_cv_header_sys_sysctl_h=yes
ac_cv_header_sys_time_h=yes
ac_cv_header_sys_types_h=yes
ac_cv_header_time=yes
ac_cv_header_unistd_h=yes
ac_cv_host=x86_64-pc-linux-gnu
ac_cv_objext=o
ac_cv_path_EGREP='/bin/grep -E'
ac_cv_path_FGREP='/bin/grep -F'
ac_cv_path_GREP=/bin/grep
ac_cv_path_SED=/bin/sed
ac_cv_path_ac_pt_PKG_CONFIG=/usr/bin/pkg-config
ac_cv_path_install='/usr/bin/install -c'
ac_cv_path_lt_DD=/bin/dd
ac_cv_path_mkdir=/bin/mkdir
ac_cv_prog_AWK=gawk
ac_cv_prog_CPP='gcc -E'
ac_cv_prog_MAKEINFO=makeinfo
ac_cv_prog_ac_ct_AR=ar
ac_cv_prog_ac_ct_CC=gcc
ac_cv_prog_ac_ct_MANIFEST_TOOL=mt
ac_cv_prog_ac_ct_OBJDUMP=objdump
ac_cv_prog_ac_ct_RANLIB=ranlib
ac_cv_prog_ac_ct_STRIP=strip
ac_cv_prog_cc_c89=
ac_cv_prog_cc_c99=
ac_cv_prog_cc_g=yes
ac_cv_prog_make_make_set=yes
ac_cv_search_dlopen=-ldl
ac_cv_search_ioperm='none required'
ac_cv_type__Bool=yes
ac_cv_type_long_long_int=yes
ac_cv_type_unsigned_long_long_int=yes
am_cv_CC_dependencies_compiler_type=gcc3
am_cv_make_support_nested_variables=yes
am_cv_prog_cc_c_o=yes
lt_cv_ar_at_file=@
lt_cv_deplibs_check_method=pass_all
lt_cv_file_magic_cmd='$MAGIC_CMD'
lt_cv_file_magic_test_file=
lt_cv_ld_reload_flag=-r
lt_cv_nm_interface='BSD nm'
lt_cv_objdir=.libs
lt_cv_path_LD=/usr/bin/ld
lt_cv_path_NM='/usr/bin/nm -B'
lt_cv_path_mainfest_tool=no
lt_cv_prog_compiler_c_o=yes
lt_cv_prog_compiler_pic='-fPIC -DPIC'
lt_cv_prog_compiler_pic_works=yes
lt_cv_prog_compiler_rtti_exceptions=no
lt_cv_prog_compiler_static_works=yes
lt_cv_prog_gnu_ld=yes
lt_cv_sharedlib_from_linklib_cmd='printf %s\n'
lt_cv_shlibpath_overrides_runpath=yes
lt_cv_sys_global_symbol_pipe='sed -n -e '\''s/^.*[	 ]\([ABCDGIRSTW][ABCDGIRSTW]*\)[	 ][	 ]*\([_A-Za-z][_A-Za-z0-9]*\)$/\1 \2 \2/p'\'' | sed '\''/ __gnu_lto/d'\'''
lt_cv_sys_global_symbol_to_c_name_address='sed -n -e '\''s/^: \(.*\) .*$/  {"\1", (void *) 0},/p'\'' -e '\''s/^[ABCDGIRSTW][ABCDGIRSTW]* .* \(.*\)$/  {"\1", (void *) \&\1},/p'\'''
lt_cv_sys_global_symbol_to_c_name_address_lib_prefix='sed -n -e '\''s/^: \(.*\) .*$/  {"\1", (void *) 0},/p'\'' -e '\''s/^[ABCDGIRSTW][ABCDGIRSTW]* .* \(lib.*\)$/  {"\1", (void *) \&\1},/p'\'' -e '\''s/^[ABCDGIRSTW][ABCDGIRSTW]* .* \(.*\)$/  {"lib\1", (void *) \&\1},/p'\'''
lt_cv_sys_global_symbol_to_cdecl='sed -n -e '\''s/^T .* \(.*\)$/extern int \1();/p'\'' -e '\''s/^[ABCDGIRSTW][ABCDGIRSTW]* .* \(.*\)$/extern char \1;/p'\'''
lt_cv_sys_global_symbol_to_import=
lt_cv_sys_max_cmd_len=1572864
lt_cv_to_host_file_cmd=func_convert_file_noop
lt_cv_to_tool_file_cmd=func_convert_file_noop
lt_cv_truncate_bin='/bin/dd bs=4096 count=1'
pkg_cv_LIBFTDI_CFLAGS='-I/usr/include/libftdi1 -I/usr/include/libusb-1.0'
pkg_cv_LIBFTDI_LIBS='-lftdi1 -lusb-1.0'
pkg_cv_LIBUSB1_CFLAGS=-I/usr/include/libusb-1.0
pkg_cv_LIBUSB1_LIBS=-lusb-1.0

## ----------------- ##
## Output variables. ##
## ----------------- ##

ACLOCAL='${SHELL} /home/tanqinhan/Desktop/riscv/riscv-openocd/missing aclocal-1.15'
AICE_FALSE='#'
AICE_TRUE=''
AMDEPBACKSLASH='\'
AMDEP_FALSE='#'
AMDEP_TRUE=''
AMTAR='$${TAR-tar}'
AMTJTAGACCEL_FALSE=''
AMTJTAGACCEL_TRUE='#'
AM_BACKSLASH='\'
AM_DEFAULT_V='$(AM_DEFAULT_VERBOSITY)'
AM_DEFAULT_VERBOSITY='1'
AM_V='$(V)'
AR='ar'
ARMJTAGEW_FALSE=''
ARMJTAGEW_TRUE='#'
AT91RM9200_FALSE=''
AT91RM9200_TRUE='#'
AUTOCONF='${SHELL} /home/tanqinhan/Desktop/riscv/riscv-openocd/missing autoconf'
AUTOHEADER='${SHELL} /home/tanqinhan/Desktop/riscv/riscv-openocd/missing autoheader'
AUTOMAKE='${SHELL} /home/tanqinhan/Desktop/riscv/riscv-openocd/missing automake-1.15'
AWK='gawk'
BCM2835GPIO_FALSE=''
BCM2835GPIO_TRUE='#'
BITBANG_FALSE=''
BITBANG_TRUE='#'
BITQ_FALSE='#'
BITQ_TRUE=''
BUSPIRATE_FALSE=''
BUSPIRATE_TRUE='#'
CC='gcc'
CCDEPMODE='depmode=gcc3'
CFLAGS='-g -O2'
CMSIS_DAP_FALSE=''
CMSIS_DAP_TRUE='#'
CPP='gcc -E'
CPPFLAGS=''
CYGPATH_W='echo'
DEFS='-DHAVE_CONFIG_H'
DEPDIR='.deps'
DLLTOOL='false'
DSYMUTIL=''
DUMMY_FALSE=''
DUMMY_TRUE='#'
DUMPBIN=''
ECHO_C=''
ECHO_N='-n'
ECHO_T=''
EGREP='/bin/grep -E'
EP93XX_FALSE=''
EP93XX_TRUE='#'
EXEEXT=''
FGREP='/bin/grep -F'
FT232R_FALSE='#'
FT232R_TRUE=''
FTDI_FALSE='#'
FTDI_OSCAN1_FALSE='#'
FTDI_OSCAN1_TRUE=''
FTDI_TRUE=''
GCC_WARNINGS='-Wall -Wstrict-prototypes -Wformat-security -Wshadow -Wextra -Wno-unused-parameter -Wbad-function-cast -Wcast-align -Wredundant-decls -Werror'
GIVEIO_FALSE=''
GIVEIO_TRUE='#'
GREP='/bin/grep'
GW16012_FALSE=''
GW16012_TRUE='#'
HIDAPI_CFLAGS=''
HIDAPI_LIBS=''
HLADAPTER_FALSE='#'
HLADAPTER_ICDI_FALSE='#'
HLADAPTER_ICDI_TRUE=''
HLADAPTER_STLINK_FALSE='#'
HLADAPTER_STLINK_TRUE=''
HLADAPTER_TRUE=''
HOST_CPPFLAGS=''
IMX_GPIO_FALSE=''
IMX_GPIO_TRUE='#'
INSTALL_DATA='${INSTALL} -m 644'
INSTALL_PROGRAM='${INSTALL}'
INSTALL_SCRIPT='${INSTALL}'
INSTALL_STRIP_PROGRAM='$(install_sh) -c -s'
INTERNAL_JIMTCL_FALSE='#'
INTERNAL_JIMTCL_TRUE=''
INTERNAL_LIBJAYLINK_FALSE='#'
INTERNAL_LIBJAYLINK_TRUE=''
IOUTIL_FALSE=''
IOUTIL_TRUE='#'
IS_CYGWIN_FALSE=''
IS_CYGWIN_TRUE='#'
IS_DARWIN_FALSE=''
IS_DARWIN_TRUE='#'
IS_MINGW_FALSE=''
IS_MINGW_TRUE='#'
IS_WIN32_FALSE=''
IS_WIN32_TRUE='#'
JLINK_FALSE='#'
JLINK_TRUE=''
JTAG_VPI_FALSE=''
JTAG_VPI_TRUE='#'
KITPROG_FALSE=''
KITPROG_TRUE='#'
LD='/usr/bin/ld -m elf_x86_64'
LDFLAGS=''
LIBFTDI_CFLAGS='-I/usr/include/libftdi1 -I/usr/include/libusb-1.0'
LIBFTDI_LIBS='-lftdi1 -lusb-1.0'
LIBJAYLINK_CFLAGS=''
LIBJAYLINK_LIBS=''
LIBOBJS=''
LIBS='-ldl '
LIBTOOL='$(SHELL) $(top_builddir)/libtool'
LIBTOOL_DEPS='./ltmain.sh'
LIBUSB0_CFLAGS=''
LIBUSB0_LIBS=''
LIBUSB1_CFLAGS='-isystem /usr/include/libusb-1.0'
LIBUSB1_LIBS='-lusb-1.0'
LIPO=''
LN_S='ln -s'
LTLIBOBJS=''
LT_SYS_LIBRARY_PATH=''
MAKEINFO='makeinfo'
MANIFEST_TOOL=':'
MINIDRIVER_DUMMY_FALSE=''
MINIDRIVER_DUMMY_TRUE='#'
MINIDRIVER_FALSE=''
MINIDRIVER_TRUE='#'
MKDIR_P='/bin/mkdir -p'
NM='/usr/bin/nm -B'
NMEDIT=''
OBJDUMP='objdump'
OBJEXT='o'
OOCD_TRACE_FALSE=''
OOCD_TRACE_TRUE='#'
OPENDOUS_FALSE='#'
OPENDOUS_TRUE=''
OPENJTAG_FALSE='#'
OPENJTAG_TRUE=''
OSBDM_FALSE='#'
OSBDM_TRUE=''
OTOOL64=''
OTOOL=''
PACKAGE='openocd'
PACKAGE_BUGREPORT='OpenOCD Mailing List <openocd-devel@lists.sourceforge.net>'
PACKAGE_NAME='openocd'
PACKAGE_STRING='openocd 0.10.0+dev'
PACKAGE_TARNAME='openocd'
PACKAGE_URL=''
PACKAGE_VERSION='0.10.0+dev'
PARPORT_FALSE=''
PARPORT_TRUE='#'
PATH_SEPARATOR=':'
PKG_CONFIG='/usr/bin/pkg-config'
PKG_CONFIG_LIBDIR=''
PKG_CONFIG_PATH=''
PRESTO_FALSE='#'
PRESTO_TRUE=''
RANLIB='ranlib'
RELEASE_FALSE=''
RELEASE_TRUE='#'
REMOTE_BITBANG_FALSE=''
REMOTE_BITBANG_TRUE='#'
RLINK_FALSE=''
RLINK_TRUE='#'
SED='/bin/sed'
SET_MAKE=''
SHELL='/bin/bash'
STRIP='strip'
SYSFSGPIO_FALSE=''
SYSFSGPIO_TRUE='#'
TARGET64_FALSE='#'
TARGET64_TRUE=''
ULINK_FALSE='#'
ULINK_TRUE=''
USBPROG_FALSE=''
USBPROG_TRUE='#'
USB_BLASTER_2_FALSE='#'
USB_BLASTER_2_TRUE=''
USB_BLASTER_DRIVER_FALSE='#'
USB_BLASTER_DRIVER_TRUE=''
USB_BLASTER_FALSE='#'
USB_BLASTER_TRUE=''
USE_HIDAPI_FALSE=''
USE_HIDAPI_TRUE='#'
USE_LIBFTDI_FALSE='#'
USE_LIBFTDI_TRUE=''
USE_LIBJAYLINK_FALSE=''
USE_LIBJAYLINK_TRUE='#'
USE_LIBUSB0_FALSE=''
USE_LIBUSB0_TRUE='#'
USE_LIBUSB1_FALSE='#'
USE_LIBUSB1_TRUE=''
VERSION='0.10.0+dev'
VSLLINK_FALSE='#'
VSLLINK_TRUE=''
XDS110_FALSE='#'
XDS110_TRUE=''
ZY1000_FALSE=''
ZY1000_MASTER_FALSE=''
ZY1000_MASTER_TRUE='#'
ZY1000_TRUE='#'
ac_ct_AR='ar'
ac_ct_CC='gcc'
ac_ct_DUMPBIN=''
am__EXEEXT_FALSE=''
am__EXEEXT_TRUE='#'
am__fastdepCC_FALSE='#'
am__fastdepCC_TRUE=''
am__include='include'
am__isrc=''
am__leading_dot='.'
am__nodep='_no'
am__quote=''
am__tar='$${TAR-tar} chof - "$$tardir"'
am__untar='$${TAR-tar} xf -'
bindir='${exec_prefix}/bin'
build='x86_64-pc-linux-gnu'
build_alias=''
build_cpu='x86_64'
build_os='linux-gnu'
build_vendor='pc'
datadir='${datarootdir}'
datarootdir='${prefix}/share'
docdir='${datarootdir}/doc/${PACKAGE_TARNAME}'
doxygen_as_html='yes'
doxygen_as_pdf='no'
dvidir='${docdir}'
exec_prefix='${prefix}'
host='x86_64-pc-linux-gnu'
host_alias=''
host_cpu='x86_64'
host_os='linux-gnu'
host_vendor='pc'
htmldir='${docdir}'
includedir='${prefix}/include'
infodir='${datarootdir}/info'
install_sh='${SHELL} /home/tanqinhan/Desktop/riscv/riscv-openocd/install-sh'
libdir='${exec_prefix}/lib'
libexecdir='${exec_prefix}/libexec'
localedir='${datarootdir}/locale'
localstatedir='${prefix}/var'
mandir='${datarootdir}/man'
mkdir_p='$(MKDIR_P)'
oldincludedir='/usr/include'
pdfdir='${docdir}'
prefix='/usr/local'
program_transform_name='s,x,x,'
psdir='${docdir}'
runstatedir='${localstatedir}/run'
sbindir='${exec_prefix}/sbin'
sharedstatedir='${prefix}/com'
subdirs=' jimtcl src/jtag/drivers/libjaylink'
sysconfdir='${prefix}/etc'
target_alias=''

## ----------- ##
## confdefs.h. ##
## ----------- ##

/* confdefs.h */
#define PACKAGE_NAME "openocd"
#define PACKAGE_TARNAME "openocd"
#define PACKAGE_VERSION "0.10.0+dev"
#define PACKAGE_STRING "openocd 0.10.0+dev"
#define PACKAGE_BUGREPORT "OpenOCD Mailing List <openocd-devel@lists.sourceforge.net>"
#define PACKAGE_URL ""
#define PACKAGE "openocd"
#define VERSION "0.10.0+dev"
#define STDC_HEADERS 1
#define HAVE_SYS_TYPES_H 1
#define HAVE_SYS_STAT_H 1
#define HAVE_STDLIB_H 1
#define HAVE_STRING_H 1
#define HAVE_MEMORY_H 1
#define HAVE_STRINGS_H 1
#define HAVE_INTTYPES_H 1
#define HAVE_STDINT_H 1
#define HAVE_UNISTD_H 1
#define HAVE_DLFCN_H 1
#define LT_OBJDIR ".libs/"
#define HAVE_UNSIGNED_LONG_LONG_INT 1
#define HAVE_LONG_LONG_INT 1
#define HAVE_SYS_SOCKET_H 1
#define HAVE_ELF_H 1
#define HAVE_DIRENT_H 1
#define HAVE_FCNTL_H 1
#define HAVE_MALLOC_H 1
#define HAVE_NETDB_H 1
#define HAVE_POLL_H 1
#define HAVE_PTHREAD_H 1
#define HAVE_STRINGS_H 1
#define HAVE_SYS_IOCTL_H 1
#define HAVE_SYS_PARAM_H 1
#define HAVE_SYS_SELECT_H 1
#define HAVE_SYS_STAT_H 1
#define HAVE_SYS_SYSCTL_H 1
#define HAVE_SYS_TIME_H 1
#define HAVE_SYS_TYPES_H 1
#define HAVE_UNISTD_H 1
#define HAVE_ARPA_INET_H 1
#define HAVE_IFADDRS_H 1
#define HAVE_NETINET_IN_H 1
#define HAVE_NETINET_TCP_H 1
#define HAVE_NET_IF_H 1
#define HAVE__BOOL 1
#define HAVE_STDBOOL_H 1
#define TIME_WITH_SYS_TIME 1
#define HAVE_STRNDUP 1
#define HAVE_STRNLEN 1
#define HAVE_GETTIMEOFDAY 1
#define HAVE_USLEEP 1
#define HAVE_VASPRINTF 1
#define HAVE_REALPATH 1
#define IS_CYGWIN 0
#define IS_MINGW 0
#define IS_WIN32 0
#define IS_DARWIN 0
#define BUILD_PARPORT 0
#define BUILD_DUMMY 0
#define BUILD_EP93XX 0
#define BUILD_ZY1000 0
#define BUILD_ZY1000_MASTER 0
#define BUILD_AT91RM9200 0
#define BUILD_BCM2835GPIO 0
#define BUILD_IMX_GPIO 0
#define PARPORT_USE_PPDEV 1
#define PARPORT_USE_GIVEIO 0
#define BUILD_JTAG_VPI 0
#define BUILD_AMTJTAGACCEL 0
#define BUILD_GW16012 0
#define BUILD_OOCD_TRACE 0
#define BUILD_BUSPIRATE 0
#define BUILD_REMOTE_BITBANG 0
#define BUILD_SYSFSGPIO 0
#define BUILD_TARGET64 1
#define HAVE_LIBUSB1 1
#define HAVE_LIBUSB_ERROR_NAME 1
#define HAVE_LIBUSB_GET_PORT_NUMBERS 1
#define BUILD_FTDI 1
#define BUILD_FTDI_OSCAN1 1
#define BUILD_HLADAPTER_STLINK 1
#define BUILD_HLADAPTER_ICDI 1
#define BUILD_ULINK 1
#define BUILD_USB_BLASTER_2 1
#define BUILD_FT232R 1
#define BUILD_VSLLINK 1
#define BUILD_XDS110 1
#define BUILD_OSBDM 1
#define BUILD_OPENDOUS 1
#define BUILD_AICE 1
#define BUILD_USB_BLASTER 1
#define BUILD_PRESTO 1
#define BUILD_OPENJTAG 1
#define BUILD_JLINK 1
#define BUILD_HLADAPTER 1
#define _GNU_SOURCE 1

configure: exit 0
