Exception in thread "main" java.lang.NullPointerException
	at org.github.dragos.vscode.EnsimeLanguageServer.shutdown(EnsimeLanguageServer.scala:194)
	at org.github.dragos.vscode.EnsimeLanguageServer.start(EnsimeLanguageServer.scala:54)
	at org.github.dragos.vscode.Main$.main(Main.scala:23)
	at org.github.dragos.vscode.Main.main(Main.scala)
	at java.base/jdk.internal.reflect.NativeMethodAccessorImpl.invoke0(Native Method)
	at java.base/jdk.internal.reflect.NativeMethodAccessorImpl.invoke(NativeMethodAccessorImpl.java:62)
	at java.base/jdk.internal.reflect.DelegatingMethodAccessorImpl.invoke(DelegatingMethodAccessorImpl.java:43)
	at java.base/java.lang.reflect.Method.invoke(Method.java:564)
	at coursier.cli.qn.a(Unknown Source)
	at coursier.cli.qm.i(Unknown Source)
	at coursier.cli.qs.a(Unknown Source)
	at c.g.a.c(Unknown Source)
	at a.b.d_(Unknown Source)
	at c.b.d.E.g(Unknown Source)
	at c.b.e.aU.g(Unknown Source)
	at a.c.a(Unknown Source)
	at coursier.cli.qm.b(Unknown Source)
	at coursier.cli.M.b(Unknown Source)
	at a.J.d_(Unknown Source)
	at c.E.h(Unknown Source)
	at a.c.a(Unknown Source)
	at coursier.cli.Coursier.main(Unknown Source)
	at java.base/jdk.internal.reflect.NativeMethodAccessorImpl.invoke0(Native Method)
	at java.base/jdk.internal.reflect.NativeMethodAccessorImpl.invoke(NativeMethodAccessorImpl.java:62)
	at java.base/jdk.internal.reflect.DelegatingMethodAccessorImpl.invoke(DelegatingMethodAccessorImpl.java:43)
	at java.base/java.lang.reflect.Method.invoke(Method.java:564)
	at coursier.Bootstrap.main(Bootstrap.java:412)
