This file contains any messages produced by compilers while
running configure, to aid debugging if configure makes a mistake.

It was created by freedom-metal configure v0.1.2, which was
generated by GNU Autoconf 2.69.  Invocation command line was

  $ /home/tanqinhan/Desktop/riscv/freedom-e-sdk/freedom-metal/configure --host=riscv64-unknown-elf --prefix=/home/tanqinhan/Desktop/riscv/freedom-e-sdk/bsp/freedom-e310-arty/install --libdir=/home/tanqinhan/Desktop/riscv/freedom-e-sdk/bsp/freedom-e310-arty/install/lib/debug --disable-maintainer-mode --with-preconfigured --with-machine-name=freedom-e310-arty --with-machine-header=/home/tanqinhan/Desktop/riscv/freedom-e-sdk/bsp/freedom-e310-arty/metal.h --with-machine-ldscript=/home/tanqinhan/Desktop/riscv/freedom-e-sdk/bsp/freedom-e310-arty/metal.default.lds --with-builtin-libgloss

## --------- ##
## Platform. ##
## --------- ##

hostname = ubuntu
uname -m = x86_64
uname -r = 4.15.0-47-generic
uname -s = Linux
uname -v = #50-Ubuntu SMP Wed Mar 13 10:44:52 UTC 2019

/usr/bin/uname -p = unknown
/bin/uname -X     = unknown

/bin/arch              = unknown
/usr/bin/arch -k       = unknown
/usr/convex/getsysinfo = unknown
/usr/bin/hostinfo      = unknown
/bin/machine           = unknown
/usr/bin/oslevel       = unknown
/bin/universe          = unknown

PATH: /home/tanqinhan/Desktop/riscv/freedom-e-sdk/riscv64-unknown-elf-gcc-8.2.0-2019.02.0-x86_64-linux-ubuntu14/bin
PATH: /home/tanqinhan/Desktop/vivado/SDK/2018.2/bin
PATH: /home/tanqinhan/Desktop/vivado/SDK/2018.2/gnu/microblaze/lin/bin
PATH: /home/tanqinhan/Desktop/vivado/SDK/2018.2/gnu/arm/lin/bin
PATH: /home/tanqinhan/Desktop/vivado/SDK/2018.2/gnu/microblaze/linux_toolchain/lin64_le/bin
PATH: /home/tanqinhan/Desktop/vivado/SDK/2018.2/gnu/aarch32/lin/gcc-arm-linux-gnueabi/bin
PATH: /home/tanqinhan/Desktop/vivado/SDK/2018.2/gnu/aarch32/lin/gcc-arm-none-eabi/bin
PATH: /home/tanqinhan/Desktop/vivado/SDK/2018.2/gnu/aarch64/lin/aarch64-linux/bin
PATH: /home/tanqinhan/Desktop/vivado/SDK/2018.2/gnu/aarch64/lin/aarch64-none/bin
PATH: /home/tanqinhan/Desktop/vivado/SDK/2018.2/gnu/armr5/lin/gcc-arm-none-eabi/bin
PATH: /home/tanqinhan/Desktop/vivado/SDK/2018.2/tps/lnx64/cmake-3.3.2/bin
PATH: /home/tanqinhan/Desktop/vivado/Vivado/2018.2/bin
PATH: /home/tanqinhan/Desktop/vivado/DocNav
PATH: /usr/local/sbin
PATH: /usr/local/bin
PATH: /usr/sbin
PATH: /usr/bin
PATH: /sbin
PATH: /bin
PATH: /usr/games
PATH: /usr/local/games
PATH: /snap/bin
PATH: /home/tanqinhan/Desktop/riscv/toolchain/bin


## ----------- ##
## Core tests. ##
## ----------- ##

configure:1929: checking for a BSD-compatible install
configure:1997: result: /usr/bin/install -c
configure:2008: checking whether build environment is sane
configure:2063: result: yes
configure:2122: checking for riscv64-unknown-elf-strip
configure:2138: found /home/tanqinhan/Desktop/riscv/freedom-e-sdk/riscv64-unknown-elf-gcc-8.2.0-2019.02.0-x86_64-linux-ubuntu14/bin/riscv64-unknown-elf-strip
configure:2149: result: riscv64-unknown-elf-strip
configure:2214: checking for a thread-safe mkdir -p
configure:2253: result: /bin/mkdir -p
configure:2260: checking for gawk
configure:2276: found /usr/bin/gawk
configure:2287: result: gawk
configure:2298: checking whether make sets $(MAKE)
configure:2320: result: yes
configure:2349: checking whether make supports nested variables
configure:2366: result: yes
configure:2493: checking whether to enable maintainer-specific portions of Makefiles
configure:2502: result: no
configure:2546: checking for riscv64-unknown-elf-gcc
configure:2562: found /home/tanqinhan/Desktop/riscv/freedom-e-sdk/riscv64-unknown-elf-gcc-8.2.0-2019.02.0-x86_64-linux-ubuntu14/bin/riscv64-unknown-elf-gcc
configure:2573: result: riscv64-unknown-elf-gcc
configure:2842: checking for C compiler version
configure:2851: riscv64-unknown-elf-gcc --version >&5
riscv64-unknown-elf-gcc (GCC) 8.2.0
Copyright (C) 2018 Free Software Foundation, Inc.
This is free software; see the source for copying conditions.  There is NO
warranty; not even for MERCHANTABILITY or FITNESS FOR A PARTICULAR PURPOSE.

configure:2862: $? = 0
configure:2851: riscv64-unknown-elf-gcc -v >&5
Using built-in specs.
COLLECT_GCC=riscv64-unknown-elf-gcc
COLLECT_LTO_WRAPPER=/home/tanqinhan/Desktop/riscv/freedom-e-sdk/riscv64-unknown-elf-gcc-8.2.0-2019.02.0-x86_64-linux-ubuntu14/bin/../libexec/gcc/riscv64-unknown-elf/8.2.0/lto-wrapper
Target: riscv64-unknown-elf
Configured with: /scratch/carsteng/freedom-tools-scie-rve/obj/x86_64-linux-ubuntu14/build/riscv-gnu-toolchain/riscv-gcc/configure --target=riscv64-unknown-elf --host=x86_64-linux-gnu --prefix=/scratch/carsteng/freedom-tools-scie-rve/obj/x86_64-linux-ubuntu14/install/riscv64-unknown-elf-gcc-8.2.0-2019.02.0-x86_64-linux-ubuntu14 --disable-shared --disable-threads --enable-languages=c,c++ --enable-tls --with-newlib --with-sysroot=/scratch/carsteng/freedom-tools-scie-rve/obj/x86_64-linux-ubuntu14/install/riscv64-unknown-elf-gcc-8.2.0-2019.02.0-x86_64-linux-ubuntu14/riscv64-unknown-elf --with-native-system-header-dir=/include --disable-libmudflap --disable-libssp --disable-libquadmath --disable-libgomp --disable-nls --src=../riscv-gcc --without-system-zlib --enable-checking=yes --enable-multilib --with-abi=lp64d --with-arch=rv64imafdc CFLAGS=-O2 CXXFLAGS=-O2 'CFLAGS_FOR_TARGET=-Os  -mcmodel=medany' 'CXXFLAGS_FOR_TARGET=-Os  -mcmodel=medany'
Thread model: single
gcc version 8.2.0 (GCC) 
configure:2862: $? = 0
configure:2851: riscv64-unknown-elf-gcc -V >&5
riscv64-unknown-elf-gcc: error: unrecognized command line option '-V'
riscv64-unknown-elf-gcc: fatal error: no input files
compilation terminated.
configure:2862: $? = 1
configure:2851: riscv64-unknown-elf-gcc -qversion >&5
riscv64-unknown-elf-gcc: error: unrecognized command line option '-qversion'; did you mean '--version'?
riscv64-unknown-elf-gcc: fatal error: no input files
compilation terminated.
configure:2862: $? = 1
configure:2882: checking whether the C compiler works
configure:2904: riscv64-unknown-elf-gcc -march=rv32imac -mabi=ilp32 -mcmodel=medlow -ffunction-sections -fdata-sections -I/home/tanqinhan/Desktop/riscv/freedom-e-sdk/bsp/freedom-e310-arty/install/include -O0 -g   conftest.c  >&5
configure:2908: $? = 0
configure:2956: result: yes
configure:2959: checking for C compiler default output file name
configure:2961: result: a.out
configure:2967: checking for suffix of executables
configure:2974: riscv64-unknown-elf-gcc -o conftest -march=rv32imac -mabi=ilp32 -mcmodel=medlow -ffunction-sections -fdata-sections -I/home/tanqinhan/Desktop/riscv/freedom-e-sdk/bsp/freedom-e310-arty/install/include -O0 -g   conftest.c  >&5
configure:2978: $? = 0
configure:3000: result: 
configure:3022: checking whether we are cross compiling
configure:3030: riscv64-unknown-elf-gcc -o conftest -march=rv32imac -mabi=ilp32 -mcmodel=medlow -ffunction-sections -fdata-sections -I/home/tanqinhan/Desktop/riscv/freedom-e-sdk/bsp/freedom-e310-arty/install/include -O0 -g   conftest.c  >&5
configure:3034: $? = 0
configure:3041: ./conftest
/home/tanqinhan/Desktop/riscv/freedom-e-sdk/freedom-metal/configure: line 3043: ./conftest: cannot execute binary file: Exec format error
configure:3045: $? = 126
configure:3060: result: yes
configure:3065: checking for suffix of object files
configure:3087: riscv64-unknown-elf-gcc -c -march=rv32imac -mabi=ilp32 -mcmodel=medlow -ffunction-sections -fdata-sections -I/home/tanqinhan/Desktop/riscv/freedom-e-sdk/bsp/freedom-e310-arty/install/include -O0 -g  conftest.c >&5
configure:3091: $? = 0
configure:3112: result: o
configure:3116: checking whether we are using the GNU C compiler
configure:3135: riscv64-unknown-elf-gcc -c -march=rv32imac -mabi=ilp32 -mcmodel=medlow -ffunction-sections -fdata-sections -I/home/tanqinhan/Desktop/riscv/freedom-e-sdk/bsp/freedom-e310-arty/install/include -O0 -g  conftest.c >&5
configure:3135: $? = 0
configure:3144: result: yes
configure:3153: checking whether riscv64-unknown-elf-gcc accepts -g
configure:3173: riscv64-unknown-elf-gcc -c -g  conftest.c >&5
configure:3173: $? = 0
configure:3214: result: yes
configure:3231: checking for riscv64-unknown-elf-gcc option to accept ISO C89
configure:3294: riscv64-unknown-elf-gcc  -c -march=rv32imac -mabi=ilp32 -mcmodel=medlow -ffunction-sections -fdata-sections -I/home/tanqinhan/Desktop/riscv/freedom-e-sdk/bsp/freedom-e310-arty/install/include -O0 -g  conftest.c >&5
configure:3294: $? = 0
configure:3307: result: none needed
configure:3332: checking whether riscv64-unknown-elf-gcc understands -c and -o together
configure:3354: riscv64-unknown-elf-gcc -c conftest.c -o conftest2.o
configure:3357: $? = 0
configure:3354: riscv64-unknown-elf-gcc -c conftest.c -o conftest2.o
configure:3357: $? = 0
configure:3369: result: yes
configure:3397: checking for style of include used by make
configure:3425: result: GNU
configure:3451: checking dependency style of riscv64-unknown-elf-gcc
configure:3562: result: gcc3
configure:3580: checking for riscv64-unknown-elf-ranlib
configure:3596: found /home/tanqinhan/Desktop/riscv/freedom-e-sdk/riscv64-unknown-elf-gcc-8.2.0-2019.02.0-x86_64-linux-ubuntu14/bin/riscv64-unknown-elf-ranlib
configure:3607: result: riscv64-unknown-elf-ranlib
configure:3675: checking for riscv64-unknown-elf-ar
configure:3691: found /home/tanqinhan/Desktop/riscv/freedom-e-sdk/riscv64-unknown-elf-gcc-8.2.0-2019.02.0-x86_64-linux-ubuntu14/bin/riscv64-unknown-elf-ar
configure:3702: result: riscv64-unknown-elf-ar
configure:3772: checking the archiver (riscv64-unknown-elf-ar) interface
configure:3788: riscv64-unknown-elf-gcc -c -march=rv32imac -mabi=ilp32 -mcmodel=medlow -ffunction-sections -fdata-sections -I/home/tanqinhan/Desktop/riscv/freedom-e-sdk/bsp/freedom-e310-arty/install/include -O0 -g  conftest.c >&5
configure:3788: $? = 0
configure:3790: riscv64-unknown-elf-ar cru libconftest.a conftest.o >&5
configure:3793: $? = 0
configure:3821: result: ar
configure:3850: checking dependency style of riscv64-unknown-elf-gcc
configure:3959: result: gcc3
configure:3995: riscv64-unknown-elf-gcc -c -march=rv32imac -mabi=ilp32 -mcmodel=medlow -ffunction-sections -fdata-sections -I/home/tanqinhan/Desktop/riscv/freedom-e-sdk/bsp/freedom-e310-arty/install/include -O0 -g  conftest.c >&5
configure:3995: $? = 0
configure:4503: checking whether C compiler accepts mmachine=
configure:4522: riscv64-unknown-elf-gcc -c -march=rv32imac -mabi=ilp32 -mcmodel=medlow -ffunction-sections -fdata-sections -I/home/tanqinhan/Desktop/riscv/freedom-e-sdk/bsp/freedom-e310-arty/install/include -O0 -g  mmachine=  conftest.c >&5
riscv64-unknown-elf-gcc: error: mmachine=: No such file or directory
configure:4522: $? = 1
configure: failed program was:
| /* confdefs.h */
| #define PACKAGE_NAME "freedom-metal"
| #define PACKAGE_TARNAME "freedom-metal"
| #define PACKAGE_VERSION "v0.1.2"
| #define PACKAGE_STRING "freedom-metal v0.1.2"
| #define PACKAGE_BUGREPORT "palmer@sifive.com"
| #define PACKAGE_URL ""
| #define PACKAGE "freedom-metal"
| #define VERSION "v0.1.2"
| /* end confdefs.h.  */
| 
| int
| main ()
| {
| 
|   ;
|   return 0;
| }
configure:4531: result: no
configure:4545: checking whether C compiler accepts menv=metal
configure:4564: riscv64-unknown-elf-gcc -c -march=rv32imac -mabi=ilp32 -mcmodel=medlow -ffunction-sections -fdata-sections -I/home/tanqinhan/Desktop/riscv/freedom-e-sdk/bsp/freedom-e310-arty/install/include -O0 -g  menv=metal  conftest.c >&5
riscv64-unknown-elf-gcc: error: menv=metal: No such file or directory
configure:4564: $? = 1
configure: failed program was:
| /* confdefs.h */
| #define PACKAGE_NAME "freedom-metal"
| #define PACKAGE_TARNAME "freedom-metal"
| #define PACKAGE_VERSION "v0.1.2"
| #define PACKAGE_STRING "freedom-metal v0.1.2"
| #define PACKAGE_BUGREPORT "palmer@sifive.com"
| #define PACKAGE_URL ""
| #define PACKAGE "freedom-metal"
| #define VERSION "v0.1.2"
| /* end confdefs.h.  */
| 
| int
| main ()
| {
| 
|   ;
|   return 0;
| }
configure:4572: result: no
configure:4733: checking that generated files are newer than configure
configure:4739: result: done
configure:4778: creating ./config.status

## ---------------------- ##
## Running config.status. ##
## ---------------------- ##

This file was extended by freedom-metal config.status v0.1.2, which was
generated by GNU Autoconf 2.69.  Invocation command line was

  CONFIG_FILES    = 
  CONFIG_HEADERS  = 
  CONFIG_LINKS    = 
  CONFIG_COMMANDS = 
  $ ./config.status 

on ubuntu

config.status:801: creating Makefile
config.status:958: executing depfiles commands

## ---------------- ##
## Cache variables. ##
## ---------------- ##

ac_cv_c_compiler_gnu=yes
ac_cv_env_CCASFLAGS_set=
ac_cv_env_CCASFLAGS_value=
ac_cv_env_CCAS_set=
ac_cv_env_CCAS_value=
ac_cv_env_CC_set=
ac_cv_env_CC_value=
ac_cv_env_CFLAGS_set=set
ac_cv_env_CFLAGS_value='-march=rv32imac -mabi=ilp32 -mcmodel=medlow -ffunction-sections -fdata-sections -I/home/tanqinhan/Desktop/riscv/freedom-e-sdk/bsp/freedom-e310-arty/install/include -O0 -g'
ac_cv_env_CPPFLAGS_set=
ac_cv_env_CPPFLAGS_value=
ac_cv_env_DTC_set=
ac_cv_env_DTC_value=
ac_cv_env_LDFLAGS_set=
ac_cv_env_LDFLAGS_value=
ac_cv_env_LDSCRIPT_GENERATOR_set=
ac_cv_env_LDSCRIPT_GENERATOR_value=
ac_cv_env_LIBS_set=
ac_cv_env_LIBS_value=
ac_cv_env_MAKEATTRIBUTES_GENERATOR_set=
ac_cv_env_MAKEATTRIBUTES_GENERATOR_value=
ac_cv_env_METAL_HEADER_GENERATOR_set=
ac_cv_env_METAL_HEADER_GENERATOR_value=
ac_cv_env_SPECS_GENERATOR_set=
ac_cv_env_SPECS_GENERATOR_value=
ac_cv_env_build_alias_set=
ac_cv_env_build_alias_value=
ac_cv_env_host_alias_set=set
ac_cv_env_host_alias_value=riscv64-unknown-elf
ac_cv_env_target_alias_set=
ac_cv_env_target_alias_value=
ac_cv_objext=o
ac_cv_path_install='/usr/bin/install -c'
ac_cv_path_mkdir=/bin/mkdir
ac_cv_prog_AR=riscv64-unknown-elf-ar
ac_cv_prog_AWK=gawk
ac_cv_prog_CC=riscv64-unknown-elf-gcc
ac_cv_prog_RANLIB=riscv64-unknown-elf-ranlib
ac_cv_prog_STRIP=riscv64-unknown-elf-strip
ac_cv_prog_cc_c89=
ac_cv_prog_cc_g=yes
ac_cv_prog_make_make_set=yes
am_cv_CCAS_dependencies_compiler_type=gcc3
am_cv_CC_dependencies_compiler_type=gcc3
am_cv_ar_interface=ar
am_cv_make_support_nested_variables=yes
am_cv_prog_cc_c_o=yes
ax_cv_check_cflags__menv_metal=no
ax_cv_check_cflags__mmachine_=no

## ----------------- ##
## Output variables. ##
## ----------------- ##

ACLOCAL='${SHELL} /home/tanqinhan/Desktop/riscv/freedom-e-sdk/freedom-metal/missing aclocal-1.15'
AMDEPBACKSLASH='\'
AMDEP_FALSE='#'
AMDEP_TRUE=''
AMTAR='$${TAR-tar}'
AM_BACKSLASH='\'
AM_DEFAULT_V='$(AM_DEFAULT_VERBOSITY)'
AM_DEFAULT_VERBOSITY='1'
AM_V='$(V)'
AR='riscv64-unknown-elf-ar'
AUTOCONF='${SHELL} /home/tanqinhan/Desktop/riscv/freedom-e-sdk/freedom-metal/missing autoconf'
AUTOHEADER='${SHELL} /home/tanqinhan/Desktop/riscv/freedom-e-sdk/freedom-metal/missing autoheader'
AUTOMAKE='${SHELL} /home/tanqinhan/Desktop/riscv/freedom-e-sdk/freedom-metal/missing automake-1.15'
AWK='gawk'
CC='riscv64-unknown-elf-gcc'
CCAS='riscv64-unknown-elf-gcc'
CCASDEPMODE='depmode=gcc3'
CCASFLAGS='-march=rv32imac -mabi=ilp32 -mcmodel=medlow -ffunction-sections -fdata-sections -I/home/tanqinhan/Desktop/riscv/freedom-e-sdk/bsp/freedom-e310-arty/install/include -O0 -g'
CCDEPMODE='depmode=gcc3'
CFLAGS='-march=rv32imac -mabi=ilp32 -mcmodel=medlow -ffunction-sections -fdata-sections -I/home/tanqinhan/Desktop/riscv/freedom-e-sdk/bsp/freedom-e310-arty/install/include -O0 -g'
CPPFLAGS=''
CYGPATH_W='echo'
DEFS='-DPACKAGE_NAME=\"freedom-metal\" -DPACKAGE_TARNAME=\"freedom-metal\" -DPACKAGE_VERSION=\"v0.1.2\" -DPACKAGE_STRING=\"freedom-metal\ v0.1.2\" -DPACKAGE_BUGREPORT=\"palmer@sifive.com\" -DPACKAGE_URL=\"\" -DPACKAGE=\"freedom-metal\" -DVERSION=\"v0.1.2\"'
DEPDIR='.deps'
DTC=''
ECHO_C=''
ECHO_N='-n'
ECHO_T=''
EXEEXT=''
INSTALL_DATA='${INSTALL} -m 644'
INSTALL_PROGRAM='${INSTALL}'
INSTALL_SCRIPT='${INSTALL}'
INSTALL_STRIP_PROGRAM='$(install_sh) -c -s'
LDFLAGS=''
LDSCRIPT_GENERATOR=''
LIBOBJS=''
LIBS=''
LTLIBOBJS=''
MACHINE_DTS=''
MACHINE_HEADER='/home/tanqinhan/Desktop/riscv/freedom-e-sdk/bsp/freedom-e310-arty/metal.h'
MACHINE_LDSCRIPT='/home/tanqinhan/Desktop/riscv/freedom-e-sdk/bsp/freedom-e310-arty/metal.default.lds'
MACHINE_NAME='freedom-e310-arty'
MAINT='#'
MAINTAINER_MODE_FALSE=''
MAINTAINER_MODE_TRUE='#'
MAKEATTRIBUTES_GENERATOR='false'
MAKEINFO='${SHELL} /home/tanqinhan/Desktop/riscv/freedom-e-sdk/freedom-metal/missing makeinfo'
MENV_METAL='-lriscv_metal_'
METAL_HEADER_GENERATOR=''
MKDIR_P='/bin/mkdir -p'
MMACHINE_MACHINE_NAME='-D__METAL_MACHINE_HEADER=\"/home/tanqinhan/Desktop/riscv/freedom-e-sdk/bsp/freedom-e310-arty/metal.h\"'
OBJEXT='o'
PACKAGE='freedom-metal'
PACKAGE_BUGREPORT='palmer@sifive.com'
PACKAGE_NAME='freedom-metal'
PACKAGE_STRING='freedom-metal v0.1.2'
PACKAGE_TARNAME='freedom-metal'
PACKAGE_URL=''
PACKAGE_VERSION='v0.1.2'
PATH_SEPARATOR=':'
PRECONFIGURED_FALSE='#'
PRECONFIGURED_TRUE=''
RANLIB='riscv64-unknown-elf-ranlib'
SET_MAKE=''
SHELL='/bin/bash'
SPECS_GENERATOR='false'
STRIP='riscv64-unknown-elf-strip'
VERSION='v0.1.2'
WITH_BUILTIN_LIBGLOSS_FALSE='#'
WITH_BUILTIN_LIBGLOSS_TRUE=''
ac_ct_AR=''
ac_ct_CC=''
am__EXEEXT_FALSE=''
am__EXEEXT_TRUE='#'
am__fastdepCCAS_FALSE='#'
am__fastdepCCAS_TRUE=''
am__fastdepCC_FALSE='#'
am__fastdepCC_TRUE=''
am__include='include'
am__isrc=' -I$(srcdir)'
am__leading_dot='.'
am__nodep='_no'
am__quote=''
am__tar='$${TAR-tar} chof - "$$tardir"'
am__untar='$${TAR-tar} xf -'
bindir='${exec_prefix}/bin'
build_alias=''
datadir='${datarootdir}'
datarootdir='${prefix}/share'
docdir='${datarootdir}/doc/${PACKAGE_TARNAME}'
dvidir='${docdir}'
exec_prefix='${prefix}'
host_alias='riscv64-unknown-elf'
htmldir='${docdir}'
includedir='${prefix}/include'
infodir='${datarootdir}/info'
install_sh='${SHELL} /home/tanqinhan/Desktop/riscv/freedom-e-sdk/freedom-metal/install-sh'
libdir='/home/tanqinhan/Desktop/riscv/freedom-e-sdk/bsp/freedom-e310-arty/install/lib/debug'
libexecdir='${exec_prefix}/libexec'
localedir='${datarootdir}/locale'
localstatedir='${prefix}/var'
mandir='${datarootdir}/man'
mkdir_p='$(MKDIR_P)'
oldincludedir='/usr/include'
pdfdir='${docdir}'
prefix='/home/tanqinhan/Desktop/riscv/freedom-e-sdk/bsp/freedom-e310-arty/install'
program_transform_name='s,x,x,'
psdir='${docdir}'
runstatedir='${localstatedir}/run'
sbindir='${exec_prefix}/sbin'
sharedstatedir='${prefix}/com'
sysconfdir='${prefix}/etc'
target_alias=''

## ----------- ##
## confdefs.h. ##
## ----------- ##

/* confdefs.h */
#define PACKAGE_NAME "freedom-metal"
#define PACKAGE_TARNAME "freedom-metal"
#define PACKAGE_VERSION "v0.1.2"
#define PACKAGE_STRING "freedom-metal v0.1.2"
#define PACKAGE_BUGREPORT "palmer@sifive.com"
#define PACKAGE_URL ""
#define PACKAGE "freedom-metal"
#define VERSION "v0.1.2"

configure: exit 0
